Arguments: 
  C:\Program Files\nodejs\node.exe C:\Users\srleo\AppData\Roaming\npm\node_modules\yarn\bin\yarn.js add jest -D

PATH: 
  C:\Program Files\Common Files\Oracle\Java\javapath;C:\Program Files (x86)\Common Files\Oracle\Java\javapath;C:\ProgramData\Oracle\Java\javapath;C:\Windows\system32;C:\Windows;C:\Windows\System32\Wbem;C:\Windows\System32\WindowsPowerShell\v1.0\;C:\Windows\System32\OpenSSH\;C:\Program Files\NVIDIA Corporation\NVIDIA NvDLISR;C:\Program Files (x86)\NVIDIA Corporation\PhysX\Common;C:\Users\srleo\AppData\Local\Android\Sdk\platform-tools;C:\Program Files\Java\jdk1.8.0_162\bin;C:\Program Files\Git\cmd;C:\Program Files (x86)\Microsoft SQL Server\150\DTS\Binn\;C:\Program Files\Docker\Docker\resources\bin;C:\ProgramData\DockerDesktop\version-bin;C:\Users\srleo\AppData\Local\Android\Sdk\emulator;C:\Users\srleo\AppData\Local\Android\Sdk\tools;C:\Users\srleo\AppData\Local\Android\Sdk\tools\bin;C:\Program Files\nodejs\;C:\Users\srleo\AppData\Local\Microsoft\WindowsApps;C:\Users\srleo\AppData\Local\Programs\Microsoft VS Code\bin;C:\Users\srleo\AppData\Local\GitHubDesktop\bin;C:\Program Files\heroku\bin;C:\Users\srleo\AppData\Local\hyper\app-3.0.2\resources\bin;C:\Users\srleo\AppData\Roaming\npm

Yarn version: 
  1.22.10

Node version: 
  15.9.0

Platform: 
  win32 x64

Trace: 
  Error: EPERM: operation not permitted, unlink 'C:\Users\srleo\Área de Trabalho\Omnistack\NLW04-Node\API\node_modules\sqlite3\lib\binding\napi-v3-win32-x64\node_sqlite3.node'

npm manifest: 
  {
    "name": "NLW04",
    "version": "1.0.0",
    "description": "",
    "main": "index.js",
    "scripts": {
      "test": "echo \"Error: no test specified\" && exit 1",
      "dev": "ts-node-dev --transpile-only --ignore-watch node_modules src/server.ts",
      "typeorm": "ts-node-dev ./node_modules/typeorm/cli.js"
    },
    "keywords": [],
    "author": "",
    "license": "ISC",
    "dependencies": {
      "express": "^4.17.1",
      "reflect-metadata": "^0.1.13",
      "sqlite3": "^5.0.2",
      "typeorm": "^0.2.31",
      "uuid": "^3.4.0"
    },
    "devDependencies": {
      "@types/express": "^4.17.11",
      "@types/uuid": "^8.3.0",
      "ts-node-dev": "^1.1.1",
      "typescript": "^4.1.5"
    }
  }

yarn manifest: 
  No manifest

Lockfile: 
  No lockfile
